  _  __                    _ ____  _   _ 
 | |/ /___ _ __ _ __   ___| / ___|| | | |
 | ' // _ \ '__| '_ \ / _ \ \___ \| | | |
 | . \  __/ |  | | | |  __/ |___) | |_| |
 |_|\_\___|_|  |_| |_|\___|_|____/ \___/ 

- Module size: 21.59 kB
- Installing to /data/adb/modules_update/ancli
- Extracting module files
- Running module installer
- Current boot slot: _a
- Device is system-as-root
Archive:  /data/user/0/me.weishu.kernelsu/cache/module.zip
  inflating: module.prop
************
 AnCLI Core 
 by AHLLX 
************
*********************
 Powered by KernelSU 
*********************
Archive:  /data/user/0/me.weishu.kernelsu/cache/module.zip
  inflating: customize.sh
- Extracting module files
Archive:  /data/user/0/me.weishu.kernelsu/cache/module.zip
  inflating: ancli/ancli-core.py
  inflating: ancli/registry.json
  inflating: system/bin/ancli
  inflating: customize.sh
  inflating: module.prop
  inflating: service.sh
  inflating: uninstall.sh
============================================
  AnCLI Bootstrap Installer v1.1.0
============================================

>> Preparing directories...
>> PRoot already present, skipping.
>> Downloading Ubuntu Base (arm64)...

#=#=#                                                                          
######################################################################## 100.0%
>> Ubuntu Base downloaded.
>> Extracting rootfs (this may take a minute)...
tar: invalid tar magic
Failed to extract rootfs (corrupted download?)
- Error: Failed to install module script
Error: Failed to install module script
